
2023-05-26 01:37:06,771 - Lyrics file not found: ~/Music/json/Miley Cyrus - Plastic Hearts (Lyrics)-GSQ5RVkTLeA.json
2023-05-26 01:37:39,604 - Lyrics file not found: ~/Music/json/Miley Cyrus - Plastic Hearts (Lyrics)-GSQ5RVkTLeA.json
2023-05-26 01:37:47,110 - Lyrics file not found: ~/Music/json/Miley Cyrus - Plastic Hearts (Lyrics)-GSQ5RVkTLeA.json
2023-05-26 01:41:24,716 - Lyrics file not found: /home/aldrin/Music/json/Cars - Life Is A Highway (Lyrics⧸Letra)-ntCdQmWigok.webm.json
2023-05-26 01:44:55,095 - Lyrics file not found: /home/aldrin/Music/json/Unstoppable (Lyrics).json
2023-05-26 01:45:10,809 - Lyrics file not found: /home/aldrin/Music/json/Unstoppable (Lyrics).json
2023-05-26 01:45:31,168 - Lyrics file not found: /home/aldrin/Music/json/Unstoppable (Lyrics).json
2023-05-26 01:45:48,815 - Lyrics file not found: /home/aldrin/Music/json/Unstoppable (Lyrics).json
2023-05-26 01:51:00,460 - Lyrics file not found: /home/aldrin/Music/json/If The World Was Ending (Lyrics) Ft.json
2023-05-26 01:51:15,696 - Lyrics file not found: /home/aldrin/Music/json/If The World Was Ending (Lyrics) Ft.json
2023-05-26 01:51:25,077 - Lyrics file not found: /home/aldrin/Music/json/If The World Was Ending (Lyrics) Ft.json
2023-05-26 01:52:22,125 - Lyrics file not found: /home/aldrin/Music/json/"Siren's Song" (Official Audio).json
2023-05-26 01:52:36,872 - Lyrics file not found: /home/aldrin/Music/json/"Siren's Song" (Official Audio).json
2023-05-26 01:52:54,472 - Lyrics file not found: /home/aldrin/Music/json/"Siren's Song" (Official Audio).json
2023-05-26 01:53:42,698 - Lyrics file not found: /home/aldrin/Music/json/"Siren's Song" (Official Audio).json
2023-05-26 01:54:12,033 - Lyrics file not found: /home/aldrin/Music/json/You Raise Me Up.json
2023-05-26 01:55:49,971 - Lyrics file not found: /home/aldrin/Music/json/14 O Sacred Head, Now Wounded.json
2023-05-26 01:55:51,233 - Lyrics file not found: /home/aldrin/Music/json/14 O Sacred Head, Now Wounded.json
2023-05-26 01:55:55,143 - Lyrics file not found: /home/aldrin/Music/json/Eminem - Without Me (Lyrics)-Qk2KQRTr3Ww.webm.json
2023-05-26 01:55:56,407 - Lyrics file not found: /home/aldrin/Music/json/Eminem - Without Me (Lyrics)-Qk2KQRTr3Ww.webm.json
2023-05-26 02:00:58,963 - Song has ended.
2023-05-26 02:00:59,971 - Song has ended.
2023-05-26 02:01:00,979 - Song has ended.
2023-05-26 02:03:27,674 - Lyrics file not found: 14 O Sacred Head, Now Wounded.mp3
2023-05-26 02:03:37,894 - Lyrics file not found: Cars - Life Is A Highway (Lyrics⧸Letra)-ntCdQmWigok.webm.mp3
2023-05-26 02:03:49,828 - Lyrics file not found: Dua Lipa - Levitating (Lyrics video)-d28NLh9IT14.webm.mp3
2023-05-26 02:03:57,539 - Lyrics file not found: Dua Lipa - Levitating (Lyrics video)-d28NLh9IT14.webm.mp3
2023-05-26 02:04:39,239 - Lyrics file not found: Dua Lipa - Levitating (Lyrics video)-d28NLh9IT14.webm.mp3
2023-05-26 02:05:07,923 - Lyrics file not found: Dua Lipa - Levitating (Lyrics video)-d28NLh9IT14.webm.mp3
2023-05-26 02:05:28,648 - Lyrics file not found: Dua Lipa - Levitating (Lyrics video)-d28NLh9IT14.webm.mp3
2023-05-26 02:07:10,475 - Song has ended.
2023-05-26 02:07:11,492 - Song has ended.
